<?xml version="1.0" encoding="UTF-8"?>
<Site BuildName="Win32-MSBuild"
	BuildStamp="20240419-0753-Experimental"
	Name="BLG2A-V1-BB0524"
	Generator="ctest-3.27.6"
	CompilerName="C:/Program Files/Microsoft Visual Studio/2022/Enterprise/VC/Tools/MSVC/14.34.31933/bin/Hostx64/x64/cl.exe"
	CompilerVersion="19.34.31948.0"
	OSName="Windows"
	Hostname="BLG2A-V1-BB0524"
	OSRelease=" Professional"
	OSVersion=" (Build 17763)"
	OSPlatform="AMD64"
	Is64Bits="1"
	VendorString="GenuineIntel"
	VendorID="Intel Corporation"
	FamilyID="6"
	ModelID="5"
	ProcessorCacheSize="-1"
	NumberOfLogicalCPU="16"
	NumberOfPhysicalCPU="8"
	TotalVirtualMemory="37408"
	TotalPhysicalMemory="32544"
	LogicalProcessorsPerPhysical="2"
	ProcessorClockFrequency="2904"
	>
	<Testing>
		<StartDateTime>Apr 19 10:53 T[NON-UTF-8-BYTE-0xFC]rkiye Standart Saati</StartDateTime>
		<StartTestTime>1713513239</StartTestTime>
		<TestList/>
		<EndDateTime>Apr 19 10:53 T[NON-UTF-8-BYTE-0xFC]rkiye Standart Saati</EndDateTime>
		<EndTestTime>1713513239</EndTestTime>
		<ElapsedMinutes>0</ElapsedMinutes>
	</Testing>
</Site>
